<?xml version="1.0" encoding="UTF-8"?>
<testsuite name="usernameTest" tests="1" skipped="0" failures="0" errors="0" timestamp="2022-10-04T10:05:11" hostname="swift" time="0.132">
  <properties/>
  <testcase name="testAddStudentsModule()" classname="usernameTest" time="0.132"/>
  <system-out><![CDATA[]]></system-out>
  <system-err><![CDATA[]]></system-err>
</testsuite>
